<?xml version="1.0" encoding="UTF-8"?>
<!-- Generated by org.testng.reporters.JUnitReportReporter -->
<testsuite hostname="LAPTOP-8LV2OBVU" failures="0" tests="1" name="testcases.TC001_LaunchApplicationTest" time="9.377" errors="0" timestamp="2023-12-15T12:17:42 IST" skipped="0">
  <testcase classname="testcases.TC001_LaunchApplicationTest" name="lauchapp" time="9.377"/>
</testsuite> <!-- testcases.TC001_LaunchApplicationTest -->
