<?xml version="1.0" encoding="UTF-8"?>
<!-- Generated by org.testng.reporters.JUnitReportReporter -->
<testsuite hostname="LAPTOP-8LV2OBVU" failures="0" tests="1" name="testcases.TC006_NegativeLoginTest_With_Mobno" time="13.577" errors="0" timestamp="2023-12-20T22:51:21 IST" skipped="0">
  <testcase classname="testcases.TC006_NegativeLoginTest_With_Mobno" name="negativelogintestwithmobno" time="13.577"/>
</testsuite> <!-- testcases.TC006_NegativeLoginTest_With_Mobno -->
