<?xml version="1.0" encoding="UTF-8"?>
<!-- Generated by org.testng.reporters.JUnitReportReporter -->
<testsuite hostname="LAPTOP-8LV2OBVU" failures="0" tests="1" name="testcases.TC007_NegativeLoginTest_With_Email" time="12.728" errors="0" timestamp="2023-12-23T19:22:07 IST" skipped="0">
  <testcase classname="testcases.TC007_NegativeLoginTest_With_Email" name="negativelogintestwithemail" time="12.728"/>
</testsuite> <!-- testcases.TC007_NegativeLoginTest_With_Email -->
