<?xml version="1.0" encoding="UTF-8"?>
<!-- Generated by org.testng.reporters.JUnitReportReporter -->
<testsuite hostname="LAPTOP-8LV2OBVU" failures="0" tests="1" name="testcases.TC001_LaunchApplicationTest" time="6.321" errors="0" timestamp="2023-12-20T22:51:21 IST" skipped="0">
  <testcase classname="testcases.TC001_LaunchApplicationTest" name="lauchapp" time="6.321"/>
</testsuite> <!-- testcases.TC001_LaunchApplicationTest -->
