<?xml version="1.0" encoding="UTF-8"?>
<!-- Generated by org.testng.reporters.JUnitReportReporter -->
<testsuite hostname="LAPTOP-8LV2OBVU" failures="0" tests="1" name="testcases.TC008_OneWayTripTest" time="47.879" errors="0" timestamp="2023-12-20T22:51:21 IST" skipped="0">
  <testcase classname="testcases.TC008_OneWayTripTest" name="onewaytriptest" time="47.879"/>
</testsuite> <!-- testcases.TC008_OneWayTripTest -->
