<?xml version="1.0" encoding="UTF-8"?>
<!-- Generated by org.testng.reporters.JUnitReportReporter -->
<testsuite hostname="LAPTOP-8LV2OBVU" failures="0" tests="1" name="testcases.TC004_LoginTest_With_Mobno" time="16.934" errors="0" timestamp="2023-12-20T22:51:21 IST" skipped="0">
  <testcase classname="testcases.TC004_LoginTest_With_Mobno" name="logintestwithmobno" time="16.934"/>
</testsuite> <!-- testcases.TC004_LoginTest_With_Mobno -->
