<?xml version="1.0" encoding="UTF-8"?>
<!-- Generated by org.testng.reporters.JUnitReportReporter -->
<testsuite hostname="LAPTOP-8LV2OBVU" failures="0" tests="1" name="testcases.TC005_LoginTest_With_Email" time="18.469" errors="0" timestamp="2023-12-15T12:17:42 IST" skipped="0">
  <testcase classname="testcases.TC005_LoginTest_With_Email" name="logintestwithemail" time="18.469"/>
</testsuite> <!-- testcases.TC005_LoginTest_With_Email -->
