<?xml version="1.0" encoding="UTF-8"?>
<!-- Generated by org.testng.reporters.JUnitReportReporter -->
<testsuite hostname="LAPTOP-8LV2OBVU" failures="0" tests="1" name="testcases.TC009_RoundTripTest" time="56.956" errors="0" timestamp="2023-12-23T19:22:07 IST" skipped="0">
  <testcase classname="testcases.TC009_RoundTripTest" name="roundtriptest" time="56.956"/>
</testsuite> <!-- testcases.TC009_RoundTripTest -->
