<?xml version="1.0" encoding="UTF-8"?>
<!-- Generated by org.testng.reporters.JUnitReportReporter -->
<testsuite hostname="LAPTOP-8LV2OBVU" failures="0" tests="1" name="testcases.TC001_LaunchApplicationTest" time="8.119" errors="0" timestamp="2023-12-23T19:22:07 IST" skipped="0">
  <testcase classname="testcases.TC001_LaunchApplicationTest" name="lauchapp" time="8.119"/>
</testsuite> <!-- testcases.TC001_LaunchApplicationTest -->
