<?xml version="1.0" encoding="UTF-8"?>
<!-- Generated by org.testng.reporters.JUnitReportReporter -->
<testsuite hostname="LAPTOP-8LV2OBVU" failures="0" tests="1" name="testcases.TC010_ValidateFieldTest" time="6.240" errors="0" timestamp="2023-12-23T19:22:07 IST" skipped="0">
  <testcase classname="testcases.TC010_ValidateFieldTest" name="fielstest" time="6.240"/>
</testsuite> <!-- testcases.TC010_ValidateFieldTest -->
